#
# An unexpected error has been detected by Java Runtime Environment:
#
#  Internal Error (classFileParser.cpp:2923), pid=38928, tid=31956
#  Error: ShouldNotReachHere()
#
# Java VM: Java HotSpot(TM) Client VM (11.0-b15 mixed mode windows-x86)
# If you would like to submit a bug report, please visit:
#   http://java.sun.com/webapps/bugreport/crash.jsp
#

---------------  T H R E A D  ---------------

Current thread (0x002f9000):  JavaThread "Unknown thread" [_thread_in_vm, id=31956, stack(0x00300000,0x00350000)]

Stack: [0x00300000,0x00350000]
[error occurred during error reporting (printing stack bounds), id 0xc0000005]


---------------  P R O C E S S  ---------------

Java Threads: ( => current thread )

Other Threads:

=>0x002f9000 (exited) JavaThread "Unknown thread" [_thread_in_vm, id=31956, stack(0x00300000,0x00350000)]

VM state:not at safepoint (not fully initialized)

VM Mutex/Monitor currently owned by a thread: None

Dynamic libraries:
0x00400000 - 0x00424000 	C:\Program Files (x86)\Java\jre6\bin\javaw.exe
0x773d0000 - 0x77527000 	C:\Windows\SYSTEM32\ntdll.dll
0x76460000 - 0x76590000 	C:\Windows\SYSTEM32\KERNEL32.DLL
0x76d20000 - 0x76dc6000 	C:\Windows\SYSTEM32\KERNELBASE.dll
0x76170000 - 0x7621e000 	C:\Windows\SYSTEM32\ADVAPI32.dll
0x74b90000 - 0x74ca6000 	C:\Windows\SYSTEM32\USER32.dll
0x76de0000 - 0x76e91000 	C:\Windows\SYSTEM32\msvcrt.dll
0x77050000 - 0x77084000 	C:\Windows\SYSTEM32\sechost.dll
0x771f0000 - 0x7729c000 	C:\Windows\SYSTEM32\RPCRT4.dll
0x74a90000 - 0x74b8d000 	C:\Windows\SYSTEM32\GDI32.dll
0x74a70000 - 0x74a8c000 	C:\Windows\SYSTEM32\SspiCli.dll
0x74a60000 - 0x74a69000 	C:\Windows\SYSTEM32\CRYPTBASE.dll
0x74a00000 - 0x74a51000 	C:\Windows\SYSTEM32\bcryptPrimitives.dll
0x74d00000 - 0x74d20000 	C:\Windows\system32\IMM32.DLL
0x76790000 - 0x7686c000 	C:\Windows\SYSTEM32\MSCTF.dll
0x7c340000 - 0x7c396000 	C:\Program Files (x86)\Java\jre6\bin\msvcr71.dll
0x6d800000 - 0x6da56000 	C:\Program Files (x86)\Java\jre6\bin\client\jvm.dll
0x74630000 - 0x74651000 	C:\Windows\SYSTEM32\WINMM.dll
0x74600000 - 0x7462a000 	C:\Windows\SYSTEM32\WINMMBASE.dll
0x74200000 - 0x742a7000 	C:\Windows\system32\apphelp.dll
0x6d280000 - 0x6d288000 	C:\Program Files (x86)\Java\jre6\bin\hpi.dll
0x76900000 - 0x76906000 	C:\Windows\SYSTEM32\PSAPI.DLL
0x6d7b0000 - 0x6d7bc000 	C:\Program Files (x86)\Java\jre6\bin\verify.dll
0x6d320000 - 0x6d33f000 	C:\Program Files (x86)\Java\jre6\bin\java.dll
0x6d7f0000 - 0x6d7ff000 	C:\Program Files (x86)\Java\jre6\bin\zip.dll

VM Arguments:
jvm_args: -Dfile.encoding=GBK -Xbootclasspath:E:\JAVA\DevelopTools\Android\android-sdk-windows\platforms\android-15\android.jar 
java_command: com.hblg.lookingfellow.tools.UUIDGenerator
Launcher Type: SUN_STANDARD

Environment Variables:
JRE_HOME=C:\Program Files (x86)\Java\jre6
PATH=C:/Program Files (x86)/Java/jre6/bin/client;C:/Program Files (x86)/Java/jre6/bin;C:/Program Files (x86)/Java/jre6/lib/i386;C:\Program Files (x86)\NVIDIA Corporation\PhysX\Common;C:\Program Files (x86)\AMD APP\bin\x86_64;C:\Program Files (x86)\AMD APP\bin\x86;C:\Windows\system32;C:\Windows;C:\Windows\System32\Wbem;C:\Windows\System32\WindowsPowerShell\v1.0\;C:\Program Files (x86)\ATI Technologies\ATI.ACE\Core-Static;C:\Program Files (x86)\Java\jdk1.6.0_10\bin;E:\JAVA\DevelopTools\tomcat7.0.34\bin;E:\JAVA\DevelopTools\Android\android-sdk-windows\tools;G:\program files\SQL Server 2008\100\Tools\Binn\;G:\program files\SQL Server 2008\100\DTS\Binn\;G:\program files\SQL Server 2008\100\Tools\Binn\VSShell\Common7\IDE\;C:\Program Files (x86)\Microsoft Visual Studio 9.0\Common7\IDE\PrivateAssemblies\;E:\JAVA\DevelopTools\eclipse-jee-juno-SR2-win32;
USERNAME=Silocean
OS=Windows_NT
PROCESSOR_IDENTIFIER=Intel64 Family 6 Model 42 Stepping 7, GenuineIntel



---------------  S Y S T E M  ---------------

OS: Windows NT 6.2 Build 9200 

CPU:total 4 (8 cores per cpu, 2 threads per core) family 6 model 10 stepping 7, cmov, cx8, fxsr, mmx, sse, sse2, sse3, ssse3, ht

Memory: 4k page, physical 4100368k(725916k free), swap 4194303k(3345572k free)

vm_info: Java HotSpot(TM) Client VM (11.0-b15) for windows-x86 JRE (1.6.0_10-rc2-b32), built on Sep 12 2008 00:52:11 by "java_re" with MS VC++ 7.1

time: Thu Oct 24 11:25:54 2013
elapsed time: 0 seconds

